TN:
SF:src/app.ts
FN:81,(anonymous_1)
FNF:1
FNH:0
FNDA:0,(anonymous_1)
DA:1,1
DA:2,1
DA:3,1
DA:4,1
DA:5,1
DA:6,1
DA:8,1
DA:11,1
DA:60,1
DA:63,1
DA:64,1
DA:65,1
DA:81,1
DA:82,0
DA:86,1
DA:89,1
DA:92,1
DA:94,1
LF:18
LH:17
BRF:0
BRH:0
end_of_record
TN:
SF:src/index.ts
FN:10,(anonymous_1)
FNF:1
FNH:0
FNDA:0,(anonymous_1)
DA:1,0
DA:2,0
DA:3,0
DA:6,0
DA:8,0
DA:10,0
DA:11,0
DA:12,0
DA:13,0
LF:9
LH:0
BRF:0
BRH:0
end_of_record
TN:
SF:src/config/index.ts
FNF:0
FNH:0
DA:1,4
DA:4,4
DA:6,4
LF:3
LH:3
BRDA:7,0,0,4
BRDA:7,0,1,4
BRDA:8,1,0,4
BRDA:8,1,1,0
BRDA:11,2,0,4
BRDA:11,2,1,0
BRDA:12,3,0,4
BRDA:12,3,1,0
BRDA:13,4,0,4
BRDA:13,4,1,0
BRDA:17,5,0,4
BRDA:17,5,1,4
BRDA:18,6,0,4
BRDA:18,6,1,4
BRDA:19,7,0,4
BRDA:19,7,1,4
BRDA:20,8,0,4
BRDA:20,8,1,4
BRDA:21,9,0,4
BRDA:21,9,1,4
BRDA:25,10,0,4
BRDA:25,10,1,4
BRDA:26,11,0,4
BRDA:26,11,1,4
BRDA:32,12,0,4
BRDA:32,12,1,0
BRDA:33,13,0,4
BRDA:33,13,1,0
BRDA:34,14,0,4
BRDA:34,14,1,0
BRF:30
BRH:23
end_of_record
TN:
SF:src/config/supabase.ts
FNF:0
FNH:0
DA:1,3
DA:2,3
DA:4,3
DA:6,3
DA:7,3
DA:9,3
DA:10,0
DA:14,3
DA:17,3
DA:18,3
LF:10
LH:9
BRDA:9,0,0,0
BRDA:9,0,1,3
BRDA:9,1,0,3
BRDA:9,1,1,3
BRDA:18,2,0,3
BRDA:18,2,1,0
BRF:6
BRH:4
end_of_record
TN:
SF:src/controllers/agent.controller.ts
FN:9,(anonymous_0)
FNF:1
FNH:0
FNDA:0,(anonymous_0)
DA:2,1
DA:4,1
DA:7,1
DA:9,1
DA:14,0
DA:15,0
DA:17,0
DA:19,0
DA:21,0
LF:9
LH:4
BRF:0
BRH:0
end_of_record
TN:
SF:src/controllers/auth.controller.ts
FN:7,(anonymous_0)
FNF:1
FNH:0
FNDA:0,(anonymous_0)
DA:2,1
DA:3,1
DA:4,1
DA:7,1
DA:12,0
DA:13,0
DA:15,0
DA:20,0
DA:21,0
DA:24,0
DA:25,0
DA:28,0
DA:40,0
LF:13
LH:4
BRDA:20,0,0,0
BRDA:20,0,1,0
BRDA:24,1,0,0
BRDA:24,1,1,0
BRF:4
BRH:0
end_of_record
TN:
SF:src/controllers/transaction.controller.ts
FN:12,(anonymous_0)
FN:27,(anonymous_1)
FN:46,(anonymous_2)
FN:66,(anonymous_3)
FN:87,(anonymous_4)
FN:104,(anonymous_5)
FNF:6
FNH:5
FNDA:8,(anonymous_0)
FNDA:15,(anonymous_1)
FNDA:2,(anonymous_2)
FNDA:4,(anonymous_3)
FNDA:3,(anonymous_4)
FNDA:0,(anonymous_5)
DA:2,1
DA:3,1
DA:4,1
DA:10,1
DA:12,1
DA:17,8
DA:19,8
DA:20,8
DA:21,8
DA:23,0
DA:27,1
DA:32,15
DA:33,15
DA:35,15
DA:37,15
DA:38,15
DA:40,14
DA:42,1
DA:46,1
DA:51,2
DA:52,2
DA:54,2
DA:55,0
DA:58,2
DA:60,1
DA:62,1
DA:66,1
DA:71,4
DA:72,4
DA:74,4
DA:75,0
DA:78,4
DA:79,4
DA:81,3
DA:83,1
DA:87,1
DA:92,3
DA:94,3
DA:96,3
DA:98,3
DA:100,0
DA:104,1
DA:109,0
DA:110,0
DA:112,0
DA:113,0
DA:116,0
DA:118,0
DA:120,0
LF:49
LH:38
BRDA:54,0,0,0
BRDA:54,0,1,2
BRDA:74,1,0,0
BRDA:74,1,1,4
BRDA:112,2,0,0
BRDA:112,2,1,0
BRF:6
BRH:2
end_of_record
TN:
SF:src/middleware/auth.ts
FN:13,(anonymous_0)
FNF:1
FNH:1
FNDA:53,(anonymous_0)
DA:2,1
DA:3,1
DA:13,1
DA:18,53
DA:19,53
DA:21,53
DA:22,5
DA:25,48
DA:27,48
DA:29,48
DA:30,0
DA:33,48
DA:39,48
DA:41,5
LF:14
LH:13
BRDA:21,0,0,5
BRDA:21,0,1,48
BRDA:21,1,0,53
BRDA:21,1,1,48
BRDA:29,2,0,0
BRDA:29,2,1,48
BRDA:29,3,0,48
BRDA:29,3,1,48
BRF:8
BRH:7
end_of_record
TN:
SF:src/middleware/errorHandler.ts
FN:7,(anonymous_0)
FN:16,(anonymous_1)
FNF:2
FNH:2
FNDA:27,(anonymous_0)
FNDA:24,(anonymous_1)
DA:3,3
DA:8,27
DA:9,27
DA:10,27
DA:12,27
DA:16,3
DA:22,24
DA:23,24
DA:30,0
DA:32,0
LF:10
LH:8
BRDA:22,0,0,24
BRDA:22,0,1,0
BRF:2
BRH:1
end_of_record
TN:
SF:src/middleware/notFound.ts
FN:3,(anonymous_0)
FNF:1
FNH:0
FNDA:0,(anonymous_0)
DA:3,1
DA:4,0
LF:2
LH:1
BRF:0
BRH:0
end_of_record
TN:
SF:src/middleware/validate.ts
FN:7,(anonymous_0)
FN:8,(anonymous_1)
FN:13,(anonymous_2)
FNF:3
FNH:3
FNDA:11,(anonymous_0)
FNDA:74,(anonymous_1)
FNDA:16,(anonymous_2)
DA:3,1
DA:7,1
DA:8,11
DA:9,74
DA:10,74
DA:12,74
DA:13,16
DA:14,16
DA:17,58
DA:18,58
LF:10
LH:10
BRDA:7,0,0,3
BRDA:12,1,0,16
BRDA:12,1,1,58
BRF:3
BRH:3
end_of_record
TN:
SF:src/models/transaction.model.ts
FN:5,(anonymous_0)
FNF:1
FNH:0
FNDA:0,(anonymous_0)
DA:1,2
DA:5,2
DA:6,0
LF:3
LH:2
BRF:0
BRH:0
end_of_record
TN:
SF:src/prompts/debt-parser.prompt.ts
FNF:0
FNH:0
DA:16,2
DA:121,2
LF:2
LH:2
BRF:0
BRH:0
end_of_record
TN:
SF:src/repositories/transaction.repository.ts
FN:26,(anonymous_0)
FN:37,(anonymous_1)
FN:45,(anonymous_2)
FN:65,(anonymous_3)
FN:84,(anonymous_4)
FN:98,(anonymous_5)
FN:127,(anonymous_6)
FN:141,(anonymous_7)
FN:158,(anonymous_8)
FN:198,(anonymous_9)
FN:224,(anonymous_10)
FN:239,(anonymous_11)
FNF:12
FNH:11
FNDA:12,(anonymous_0)
FNDA:3,(anonymous_1)
FNDA:12,(anonymous_2)
FNDA:2,(anonymous_3)
FNDA:0,(anonymous_4)
FNDA:4,(anonymous_5)
FNDA:3,(anonymous_6)
FNDA:8,(anonymous_7)
FNDA:16,(anonymous_8)
FNDA:21,(anonymous_9)
FNDA:4,(anonymous_10)
FNDA:3,(anonymous_11)
DA:2,3
DA:3,3
DA:25,3
DA:27,12
DA:38,3
DA:39,2
DA:42,1
DA:46,12
DA:48,12
DA:54,12
DA:55,1
DA:58,11
DA:59,0
DA:62,11
DA:66,2
DA:73,2
DA:74,1
DA:77,1
DA:78,0
DA:81,1
DA:85,0
DA:91,0
DA:92,0
DA:95,0
DA:99,4
DA:109,4
DA:116,4
DA:117,1
DA:120,3
DA:121,0
DA:124,3
DA:128,3
DA:134,3
DA:135,0
DA:138,3
DA:151,8
DA:153,8
DA:155,8
DA:156,8
DA:158,8
DA:159,16
DA:161,16
DA:162,4
DA:165,16
DA:166,4
DA:169,16
DA:170,0
DA:173,16
DA:174,0
DA:177,16
DA:180,8
DA:181,8
DA:183,8
DA:188,8
DA:189,0
DA:192,8
DA:193,0
DA:196,8
DA:198,21
DA:210,8
DA:211,8
DA:213,8
DA:225,4
DA:232,4
DA:233,0
DA:236,4
DA:245,3
DA:251,3
DA:252,3
DA:254,3
DA:255,1
DA:257,3
DA:258,0
DA:261,3
DA:268,3
DA:269,0
DA:272,3
DA:273,0
DA:276,3
LF:79
LH:63
BRDA:28,0,0,12
BRDA:28,0,1,5
BRDA:31,1,0,12
BRDA:31,1,1,0
BRDA:32,2,0,12
BRDA:32,2,1,11
BRDA:33,3,0,12
BRDA:33,3,1,11
BRDA:38,4,0,2
BRDA:38,4,1,1
BRDA:54,5,0,1
BRDA:54,5,1,11
BRDA:58,6,0,0
BRDA:58,6,1,11
BRDA:73,7,0,1
BRDA:73,7,1,1
BRDA:77,8,0,0
BRDA:77,8,1,1
BRDA:91,9,0,0
BRDA:91,9,1,0
BRDA:100,10,0,4
BRDA:100,10,1,3
BRDA:103,11,0,4
BRDA:103,11,1,0
BRDA:104,12,0,4
BRDA:104,12,1,4
BRDA:105,13,0,4
BRDA:105,13,1,4
BRDA:116,14,0,1
BRDA:116,14,1,3
BRDA:120,15,0,0
BRDA:120,15,1,3
BRDA:134,16,0,0
BRDA:134,16,1,3
BRDA:138,17,0,3
BRDA:138,17,1,0
BRDA:161,18,0,4
BRDA:161,18,1,12
BRDA:165,19,0,4
BRDA:165,19,1,12
BRDA:165,20,0,16
BRDA:165,20,1,4
BRDA:169,21,0,0
BRDA:169,21,1,16
BRDA:173,22,0,0
BRDA:173,22,1,16
BRDA:188,23,0,0
BRDA:188,23,1,8
BRDA:192,24,0,0
BRDA:192,24,1,8
BRDA:196,25,0,8
BRDA:196,25,1,0
BRDA:210,26,0,8
BRDA:210,26,1,1
BRDA:232,27,0,0
BRDA:232,27,1,4
BRDA:251,28,0,3
BRDA:251,28,1,0
BRDA:254,29,0,1
BRDA:254,29,1,2
BRDA:257,30,0,0
BRDA:257,30,1,3
BRDA:268,31,0,0
BRDA:268,31,1,3
BRDA:272,32,0,0
BRDA:272,32,1,3
BRF:66
BRH:47
end_of_record
TN:
SF:src/routes/agent.routes.ts
FNF:0
FNH:0
DA:1,1
DA:2,1
DA:3,1
DA:4,1
DA:5,1
DA:7,1
DA:87,1
DA:89,1
LF:8
LH:8
BRF:0
BRH:0
end_of_record
TN:
SF:src/routes/auth.routes.ts
FNF:0
FNH:0
DA:1,1
DA:2,1
DA:3,1
DA:4,1
DA:6,1
DA:57,1
DA:59,1
LF:7
LH:7
BRF:0
BRH:0
end_of_record
TN:
SF:src/routes/index.ts
FNF:0
FNH:0
DA:1,1
DA:2,1
DA:3,1
DA:4,1
DA:6,1
DA:9,1
DA:10,1
DA:11,1
DA:18,1
LF:9
LH:9
BRF:0
BRH:0
end_of_record
TN:
SF:src/routes/transaction.routes.ts
FNF:0
FNH:0
DA:1,1
DA:2,1
DA:3,1
DA:4,1
DA:5,1
DA:15,1
DA:18,1
DA:119,1
DA:130,1
DA:143,1
DA:156,1
DA:168,1
DA:181,1
DA:183,1
LF:14
LH:14
BRF:0
BRH:0
end_of_record
TN:
SF:src/services/agent.service.ts
FN:33,(anonymous_0)
FN:40,(anonymous_1)
FN:50,(anonymous_2)
FN:88,(anonymous_3)
FN:109,(anonymous_4)
FN:131,(anonymous_5)
FN:152,(anonymous_6)
FN:172,(anonymous_7)
FNF:8
FNH:5
FNDA:17,(anonymous_0)
FNDA:1,(anonymous_1)
FNDA:0,(anonymous_2)
FNDA:4,(anonymous_3)
FNDA:5,(anonymous_4)
FNDA:9,(anonymous_5)
FNDA:0,(anonymous_6)
FNDA:0,(anonymous_7)
DA:1,2
DA:2,2
DA:5,2
DA:6,2
DA:32,2
DA:34,17
DA:41,1
DA:52,0
DA:53,0
DA:58,0
DA:60,0
DA:61,0
DA:63,0
DA:64,0
DA:66,0
DA:67,0
DA:69,0
DA:70,0
DA:72,0
DA:73,0
DA:75,0
DA:78,0
DA:89,4
DA:96,4
DA:98,4
DA:110,5
DA:112,5
DA:113,2
DA:120,3
DA:132,9
DA:133,9
DA:135,4
DA:141,5
DA:142,3
DA:144,2
DA:153,0
DA:159,0
DA:161,0
DA:173,0
DA:179,0
DA:181,0
LF:41
LH:20
BRDA:58,0,0,0
BRDA:58,0,1,0
BRDA:58,0,2,0
BRDA:58,0,3,0
BRDA:58,0,4,0
BRDA:58,0,5,0
BRDA:112,1,0,2
BRDA:112,1,1,3
BRDA:141,2,0,3
BRDA:141,2,1,2
BRDA:141,3,0,5
BRDA:141,3,1,5
BRF:12
BRH:6
end_of_record
TN:
SF:src/services/ai.service.ts
FN:16,(anonymous_1)
FN:32,(anonymous_2)
FN:74,(anonymous_3)
FN:111,(anonymous_4)
FNF:4
FNH:0
FNDA:0,(anonymous_1)
FNDA:0,(anonymous_2)
FNDA:0,(anonymous_3)
FNDA:0,(anonymous_4)
DA:1,2
DA:2,2
DA:4,2
DA:12,2
DA:17,0
DA:22,0
DA:36,0
DA:53,0
DA:55,0
DA:56,0
DA:59,0
DA:62,0
DA:64,0
DA:78,0
DA:80,0
DA:97,0
DA:99,0
DA:100,0
DA:103,0
DA:108,2
DA:111,2
DA:112,0
DA:113,0
DA:115,0
LF:24
LH:6
BRDA:55,0,0,0
BRDA:55,0,1,0
BRDA:78,1,0,0
BRDA:81,2,0,0
BRDA:81,2,1,0
BRDA:99,3,0,0
BRDA:99,3,1,0
BRDA:112,4,0,0
BRDA:112,4,1,0
BRF:9
BRH:0
end_of_record
TN:
SF:src/services/transaction.service.ts
FN:43,(anonymous_0)
FN:45,(anonymous_1)
FN:49,(anonymous_2)
FN:63,(anonymous_3)
FN:90,(anonymous_4)
FN:95,(anonymous_5)
FN:100,(anonymous_6)
FN:127,(anonymous_7)
FN:139,(anonymous_8)
FN:149,(anonymous_9)
FN:161,(anonymous_10)
FN:174,(anonymous_11)
FN:188,(anonymous_12)
FN:207,(anonymous_13)
FNF:14
FNH:12
FNDA:42,(anonymous_0)
FNDA:2,(anonymous_1)
FNDA:20,(anonymous_2)
FNDA:26,(anonymous_3)
FNDA:4,(anonymous_4)
FNDA:7,(anonymous_5)
FNDA:6,(anonymous_6)
FNDA:0,(anonymous_7)
FNDA:0,(anonymous_8)
FNDA:9,(anonymous_9)
FNDA:32,(anonymous_10)
FNDA:30,(anonymous_11)
FNDA:9,(anonymous_12)
FNDA:9,(anonymous_13)
DA:11,3
DA:42,3
DA:43,42
DA:46,2
DA:50,20
DA:60,20
DA:67,26
DA:70,26
DA:71,9
DA:73,8
DA:75,6
DA:76,6
DA:81,5
DA:86,19
DA:87,17
DA:91,4
DA:92,2
DA:96,7
DA:97,5
DA:102,6
DA:104,5
DA:105,1
DA:108,4
DA:109,1
DA:112,3
DA:113,1
DA:117,2
DA:123,2
DA:124,1
DA:129,0
DA:131,0
DA:132,0
DA:136,0
DA:140,0
DA:142,0
DA:143,0
DA:146,0
DA:150,9
DA:151,9
DA:153,9
DA:155,8
DA:161,8
DA:162,32
DA:163,9
DA:164,23
DA:165,13
DA:166,10
DA:167,10
DA:171,8
DA:175,30
DA:189,9
DA:191,9
DA:193,5
DA:194,5
DA:196,2
DA:197,2
DA:198,2
DA:199,2
DA:200,2
DA:203,2
DA:208,9
DA:210,9
DA:212,5
DA:213,5
DA:214,5
DA:215,5
DA:218,2
DA:219,2
DA:220,2
DA:221,2
DA:222,2
DA:223,2
DA:226,2
LF:73
LH:65
BRDA:65,0,0,5
BRDA:67,1,0,5
BRDA:70,2,0,9
BRDA:70,2,1,17
BRDA:70,3,0,26
BRDA:70,3,1,11
BRDA:70,3,2,9
BRDA:73,4,0,6
BRDA:73,4,1,2
BRDA:104,5,0,1
BRDA:104,5,1,4
BRDA:108,6,0,1
BRDA:108,6,1,3
BRDA:112,7,0,1
BRDA:112,7,1,2
BRDA:131,8,0,0
BRDA:131,8,1,0
BRDA:142,9,0,0
BRDA:142,9,1,0
BRDA:162,10,0,9
BRDA:162,10,1,23
BRDA:164,11,0,13
BRDA:164,11,1,10
BRDA:166,12,0,10
BRDA:166,12,1,0
BRDA:191,13,0,5
BRDA:191,13,1,2
BRDA:191,13,2,2
BRDA:197,14,0,2
BRDA:197,14,1,0
BRDA:210,15,0,5
BRDA:210,15,1,2
BRDA:210,15,2,2
BRDA:219,16,0,2
BRDA:219,16,1,0
BRF:35
BRH:28
end_of_record
TN:
SF:src/tests/agent.service.unit.test.ts
FN:18,(anonymous_0)
FN:21,(anonymous_1)
FN:26,(anonymous_2)
FN:46,(anonymous_3)
FN:70,(anonymous_4)
FN:82,(anonymous_5)
FN:98,(anonymous_6)
FN:126,(anonymous_7)
FN:146,(anonymous_8)
FN:162,(anonymous_9)
FN:178,(anonymous_10)
FN:191,(anonymous_11)
FN:204,(anonymous_12)
FN:229,(anonymous_13)
FN:249,(anonymous_14)
FN:265,(anonymous_15)
FN:277,(anonymous_16)
FN:290,(anonymous_17)
FN:307,(anonymous_18)
FN:321,(anonymous_19)
FN:343,(anonymous_20)
FNF:21
FNH:0
FNDA:0,(anonymous_0)
FNDA:0,(anonymous_1)
FNDA:0,(anonymous_2)
FNDA:0,(anonymous_3)
FNDA:0,(anonymous_4)
FNDA:0,(anonymous_5)
FNDA:0,(anonymous_6)
FNDA:0,(anonymous_7)
FNDA:0,(anonymous_8)
FNDA:0,(anonymous_9)
FNDA:0,(anonymous_10)
FNDA:0,(anonymous_11)
FNDA:0,(anonymous_12)
FNDA:0,(anonymous_13)
FNDA:0,(anonymous_14)
FNDA:0,(anonymous_15)
FNDA:0,(anonymous_16)
FNDA:0,(anonymous_17)
FNDA:0,(anonymous_18)
FNDA:0,(anonymous_19)
FNDA:0,(anonymous_20)
DA:1,0
DA:4,0
DA:7,0
DA:18,0
DA:21,0
DA:22,0
DA:23,0
DA:26,0
DA:27,0
DA:34,0
DA:46,0
DA:48,0
DA:51,0
DA:54,0
DA:63,0
DA:70,0
DA:72,0
DA:75,0
DA:78,0
DA:79,0
DA:82,0
DA:84,0
DA:88,0
DA:91,0
DA:94,0
DA:95,0
DA:98,0
DA:100,0
DA:106,0
DA:114,0
DA:117,0
DA:126,0
DA:127,0
DA:134,0
DA:146,0
DA:148,0
DA:151,0
DA:154,0
DA:155,0
DA:162,0
DA:164,0
DA:167,0
DA:170,0
DA:171,0
DA:178,0
DA:180,0
DA:183,0
DA:186,0
DA:187,0
DA:188,0
DA:191,0
DA:193,0
DA:196,0
DA:199,0
DA:200,0
DA:201,0
DA:204,0
DA:206,0
DA:212,0
DA:217,0
DA:220,0
DA:223,0
DA:224,0
DA:225,0
DA:229,0
DA:230,0
DA:237,0
DA:249,0
DA:251,0
DA:254,0
DA:257,0
DA:258,0
DA:265,0
DA:267,0
DA:270,0
DA:273,0
DA:274,0
DA:277,0
DA:279,0
DA:284,0
DA:285,0
DA:290,0
DA:292,0
DA:297,0
DA:298,0
DA:299,0
DA:301,0
DA:302,0
DA:303,0
DA:307,0
DA:309,0
DA:310,0
DA:313,0
DA:316,0
DA:321,0
DA:323,0
DA:329,0
DA:333,0
DA:336,0
DA:339,0
DA:340,0
DA:343,0
DA:345,0
DA:348,0
DA:351,0
LF:105
LH:0
BRF:0
BRH:0
end_of_record
TN:
SF:src/tests/setup.ts
FNF:0
FNH:0
DA:1,0
DA:4,0
DA:5,0
DA:6,0
DA:7,0
DA:10,0
LF:6
LH:0
BRF:0
BRH:0
end_of_record
TN:
SF:src/tests/transaction.controller.integration.test.ts
FN:10,(anonymous_1)
FN:13,(anonymous_2)
FN:17,(anonymous_3)
FN:23,(anonymous_4)
FN:24,(anonymous_5)
FN:29,(anonymous_6)
FN:43,(anonymous_7)
FN:74,(anonymous_8)
FN:90,(anonymous_9)
FN:109,(anonymous_10)
FN:123,(anonymous_11)
FN:136,(anonymous_12)
FN:150,(anonymous_13)
FN:164,(anonymous_14)
FN:183,(anonymous_15)
FN:184,(anonymous_16)
FN:189,(anonymous_17)
FN:208,(anonymous_18)
FN:254,(anonymous_19)
FN:282,(anonymous_20)
FN:313,(anonymous_21)
FN:340,(anonymous_22)
FN:368,(anonymous_23)
FN:369,(anonymous_24)
FN:382,(anonymous_25)
FN:389,(anonymous_26)
FN:403,(anonymous_27)
FN:415,(anonymous_28)
FN:422,(anonymous_29)
FN:427,(anonymous_30)
FN:436,(anonymous_31)
FN:445,(anonymous_32)
FN:451,(anonymous_33)
FN:452,(anonymous_34)
FN:455,(anonymous_35)
FN:461,(anonymous_36)
FN:462,(anonymous_37)
FN:465,(anonymous_38)
FN:475,(anonymous_39)
FN:483,(anonymous_40)
FN:491,(anonymous_41)
FN:499,(anonymous_42)
FN:507,(anonymous_43)
FN:517,(anonymous_44)
FN:518,(anonymous_45)
FN:531,(anonymous_46)
FN:539,(anonymous_47)
FN:553,(anonymous_48)
FN:564,(anonymous_49)
FN:575,(anonymous_50)
FN:582,(anonymous_51)
FN:591,(anonymous_52)
FN:594,(anonymous_53)
FN:610,(anonymous_54)
FN:624,(anonymous_55)
FN:650,(anonymous_56)
FN:672,(anonymous_57)
FN:690,(anonymous_58)
FN:705,(anonymous_59)
FN:719,(anonymous_60)
FN:732,(anonymous_61)
FN:746,(anonymous_62)
FN:761,(anonymous_63)
FN:764,(anonymous_64)
FN:780,(anonymous_65)
FN:787,(anonymous_66)
FN:803,(anonymous_67)
FN:812,(anonymous_68)
FNF:68
FNH:0
FNDA:0,(anonymous_1)
FNDA:0,(anonymous_2)
FNDA:0,(anonymous_3)
FNDA:0,(anonymous_4)
FNDA:0,(anonymous_5)
FNDA:0,(anonymous_6)
FNDA:0,(anonymous_7)
FNDA:0,(anonymous_8)
FNDA:0,(anonymous_9)
FNDA:0,(anonymous_10)
FNDA:0,(anonymous_11)
FNDA:0,(anonymous_12)
FNDA:0,(anonymous_13)
FNDA:0,(anonymous_14)
FNDA:0,(anonymous_15)
FNDA:0,(anonymous_16)
FNDA:0,(anonymous_17)
FNDA:0,(anonymous_18)
FNDA:0,(anonymous_19)
FNDA:0,(anonymous_20)
FNDA:0,(anonymous_21)
FNDA:0,(anonymous_22)
FNDA:0,(anonymous_23)
FNDA:0,(anonymous_24)
FNDA:0,(anonymous_25)
FNDA:0,(anonymous_26)
FNDA:0,(anonymous_27)
FNDA:0,(anonymous_28)
FNDA:0,(anonymous_29)
FNDA:0,(anonymous_30)
FNDA:0,(anonymous_31)
FNDA:0,(anonymous_32)
FNDA:0,(anonymous_33)
FNDA:0,(anonymous_34)
FNDA:0,(anonymous_35)
FNDA:0,(anonymous_36)
FNDA:0,(anonymous_37)
FNDA:0,(anonymous_38)
FNDA:0,(anonymous_39)
FNDA:0,(anonymous_40)
FNDA:0,(anonymous_41)
FNDA:0,(anonymous_42)
FNDA:0,(anonymous_43)
FNDA:0,(anonymous_44)
FNDA:0,(anonymous_45)
FNDA:0,(anonymous_46)
FNDA:0,(anonymous_47)
FNDA:0,(anonymous_48)
FNDA:0,(anonymous_49)
FNDA:0,(anonymous_50)
FNDA:0,(anonymous_51)
FNDA:0,(anonymous_52)
FNDA:0,(anonymous_53)
FNDA:0,(anonymous_54)
FNDA:0,(anonymous_55)
FNDA:0,(anonymous_56)
FNDA:0,(anonymous_57)
FNDA:0,(anonymous_58)
FNDA:0,(anonymous_59)
FNDA:0,(anonymous_60)
FNDA:0,(anonymous_61)
FNDA:0,(anonymous_62)
FNDA:0,(anonymous_63)
FNDA:0,(anonymous_64)
FNDA:0,(anonymous_65)
FNDA:0,(anonymous_66)
FNDA:0,(anonymous_67)
FNDA:0,(anonymous_68)
DA:1,0
DA:2,0
DA:3,0
DA:10,0
DA:13,0
DA:14,0
DA:17,0
DA:18,0
DA:23,0
DA:24,0
DA:26,0
DA:29,0
DA:30,0
DA:36,0
DA:40,0
DA:43,0
DA:44,0
DA:50,0
DA:54,0
DA:55,0
DA:56,0
DA:60,0
DA:63,0
DA:69,0
DA:70,0
DA:71,0
DA:74,0
DA:75,0
DA:81,0
DA:85,0
DA:86,0
DA:87,0
DA:90,0
DA:91,0
DA:92,0
DA:99,0
DA:104,0
DA:105,0
DA:106,0
DA:109,0
DA:110,0
DA:116,0
DA:120,0
DA:123,0
DA:124,0
DA:129,0
DA:133,0
DA:136,0
DA:137,0
DA:143,0
DA:147,0
DA:150,0
DA:151,0
DA:157,0
DA:161,0
DA:164,0
DA:165,0
DA:173,0
DA:177,0
DA:178,0
DA:179,0
DA:183,0
DA:184,0
DA:186,0
DA:189,0
DA:190,0
DA:197,0
DA:202,0
DA:203,0
DA:204,0
DA:205,0
DA:208,0
DA:209,0
DA:212,0
DA:219,0
DA:223,0
DA:224,0
DA:227,0
DA:234,0
DA:239,0
DA:240,0
DA:241,0
DA:242,0
DA:245,0
DA:251,0
DA:254,0
DA:255,0
DA:258,0
DA:268,0
DA:278,0
DA:279,0
DA:282,0
DA:283,0
DA:286,0
DA:296,0
DA:307,0
DA:308,0
DA:309,0
DA:310,0
DA:313,0
DA:314,0
DA:317,0
DA:327,0
DA:337,0
DA:340,0
DA:342,0
DA:350,0
DA:353,0
DA:362,0
DA:363,0
DA:364,0
DA:368,0
DA:369,0
DA:371,0
DA:373,0
DA:374,0
DA:382,0
DA:383,0
DA:386,0
DA:389,0
DA:390,0
DA:393,0
DA:394,0
DA:395,0
DA:396,0
DA:397,0
DA:398,0
DA:399,0
DA:400,0
DA:403,0
DA:404,0
DA:408,0
DA:409,0
DA:410,0
DA:411,0
DA:412,0
DA:415,0
DA:416,0
DA:420,0
DA:421,0
DA:422,0
DA:423,0
DA:427,0
DA:428,0
DA:432,0
DA:433,0
DA:436,0
DA:437,0
DA:441,0
DA:442,0
DA:445,0
DA:446,0
DA:450,0
DA:451,0
DA:452,0
DA:455,0
DA:456,0
DA:460,0
DA:461,0
DA:462,0
DA:465,0
DA:466,0
DA:470,0
DA:471,0
DA:472,0
DA:475,0
DA:476,0
DA:480,0
DA:483,0
DA:484,0
DA:488,0
DA:491,0
DA:492,0
DA:496,0
DA:499,0
DA:500,0
DA:504,0
DA:507,0
DA:508,0
DA:512,0
DA:517,0
DA:518,0
DA:520,0
DA:522,0
DA:523,0
DA:531,0
DA:532,0
DA:536,0
DA:539,0
DA:540,0
DA:544,0
DA:545,0
DA:546,0
DA:547,0
DA:548,0
DA:549,0
DA:550,0
DA:553,0
DA:554,0
DA:558,0
DA:559,0
DA:560,0
DA:561,0
DA:564,0
DA:565,0
DA:569,0
DA:570,0
DA:571,0
DA:572,0
DA:575,0
DA:576,0
DA:579,0
DA:582,0
DA:583,0
DA:587,0
DA:591,0
DA:594,0
DA:596,0
DA:598,0
DA:607,0
DA:610,0
DA:611,0
DA:617,0
DA:621,0
DA:624,0
DA:625,0
DA:631,0
DA:635,0
DA:636,0
DA:637,0
DA:640,0
DA:646,0
DA:647,0
DA:650,0
DA:651,0
DA:657,0
DA:661,0
DA:663,0
DA:669,0
DA:672,0
DA:673,0
DA:674,0
DA:681,0
DA:686,0
DA:687,0
DA:690,0
DA:691,0
DA:692,0
DA:698,0
DA:702,0
DA:705,0
DA:706,0
DA:712,0
DA:716,0
DA:719,0
DA:720,0
DA:725,0
DA:729,0
DA:732,0
DA:733,0
DA:739,0
DA:743,0
DA:746,0
DA:747,0
DA:753,0
DA:757,0
DA:761,0
DA:764,0
DA:766,0
DA:768,0
DA:777,0
DA:780,0
DA:781,0
DA:784,0
DA:787,0
DA:788,0
DA:791,0
DA:794,0
DA:800,0
DA:803,0
DA:804,0
DA:806,0
DA:809,0
DA:812,0
DA:813,0
DA:817,0
LF:286
LH:0
BRF:0
BRH:0
end_of_record
TN:
SF:src/tests/transaction.schema.unit.test.ts
FN:9,(anonymous_0)
FN:10,(anonymous_1)
FN:11,(anonymous_2)
FN:20,(anonymous_3)
FN:28,(anonymous_4)
FN:37,(anonymous_5)
FN:49,(anonymous_6)
FN:62,(anonymous_7)
FN:63,(anonymous_8)
FN:72,(anonymous_9)
FN:81,(anonymous_10)
FN:89,(anonymous_11)
FN:99,(anonymous_12)
FN:100,(anonymous_13)
FN:108,(anonymous_14)
FN:118,(anonymous_15)
FN:119,(anonymous_16)
FN:128,(anonymous_17)
FN:138,(anonymous_18)
FN:148,(anonymous_19)
FN:159,(anonymous_20)
FN:160,(anonymous_21)
FN:170,(anonymous_22)
FN:182,(anonymous_23)
FN:183,(anonymous_24)
FN:184,(anonymous_25)
FN:193,(anonymous_26)
FN:203,(anonymous_27)
FN:204,(anonymous_28)
FN:213,(anonymous_29)
FN:223,(anonymous_30)
FN:224,(anonymous_31)
FN:234,(anonymous_32)
FN:235,(anonymous_33)
FN:244,(anonymous_34)
FN:255,(anonymous_35)
FN:256,(anonymous_36)
FN:266,(anonymous_37)
FN:278,(anonymous_38)
FN:279,(anonymous_39)
FN:280,(anonymous_40)
FN:288,(anonymous_41)
FN:289,(anonymous_42)
FN:294,(anonymous_43)
FN:302,(anonymous_44)
FN:311,(anonymous_45)
FN:312,(anonymous_46)
FN:313,(anonymous_47)
FN:324,(anonymous_48)
FN:336,(anonymous_49)
FN:344,(anonymous_50)
FN:352,(anonymous_51)
FN:360,(anonymous_52)
FN:372,(anonymous_53)
FN:380,(anonymous_54)
FN:388,(anonymous_55)
FN:396,(anonymous_56)
FN:404,(anonymous_57)
FN:412,(anonymous_58)
FN:422,(anonymous_59)
FN:433,(anonymous_60)
FN:434,(anonymous_61)
FN:442,(anonymous_62)
FN:450,(anonymous_63)
FN:458,(anonymous_64)
FN:466,(anonymous_65)
FN:472,(anonymous_66)
FN:480,(anonymous_67)
FN:481,(anonymous_68)
FN:482,(anonymous_69)
FN:490,(anonymous_70)
FN:498,(anonymous_71)
FN:507,(anonymous_72)
FN:508,(anonymous_73)
FN:513,(anonymous_74)
FNF:75
FNH:0
FNDA:0,(anonymous_0)
FNDA:0,(anonymous_1)
FNDA:0,(anonymous_2)
FNDA:0,(anonymous_3)
FNDA:0,(anonymous_4)
FNDA:0,(anonymous_5)
FNDA:0,(anonymous_6)
FNDA:0,(anonymous_7)
FNDA:0,(anonymous_8)
FNDA:0,(anonymous_9)
FNDA:0,(anonymous_10)
FNDA:0,(anonymous_11)
FNDA:0,(anonymous_12)
FNDA:0,(anonymous_13)
FNDA:0,(anonymous_14)
FNDA:0,(anonymous_15)
FNDA:0,(anonymous_16)
FNDA:0,(anonymous_17)
FNDA:0,(anonymous_18)
FNDA:0,(anonymous_19)
FNDA:0,(anonymous_20)
FNDA:0,(anonymous_21)
FNDA:0,(anonymous_22)
FNDA:0,(anonymous_23)
FNDA:0,(anonymous_24)
FNDA:0,(anonymous_25)
FNDA:0,(anonymous_26)
FNDA:0,(anonymous_27)
FNDA:0,(anonymous_28)
FNDA:0,(anonymous_29)
FNDA:0,(anonymous_30)
FNDA:0,(anonymous_31)
FNDA:0,(anonymous_32)
FNDA:0,(anonymous_33)
FNDA:0,(anonymous_34)
FNDA:0,(anonymous_35)
FNDA:0,(anonymous_36)
FNDA:0,(anonymous_37)
FNDA:0,(anonymous_38)
FNDA:0,(anonymous_39)
FNDA:0,(anonymous_40)
FNDA:0,(anonymous_41)
FNDA:0,(anonymous_42)
FNDA:0,(anonymous_43)
FNDA:0,(anonymous_44)
FNDA:0,(anonymous_45)
FNDA:0,(anonymous_46)
FNDA:0,(anonymous_47)
FNDA:0,(anonymous_48)
FNDA:0,(anonymous_49)
FNDA:0,(anonymous_50)
FNDA:0,(anonymous_51)
FNDA:0,(anonymous_52)
FNDA:0,(anonymous_53)
FNDA:0,(anonymous_54)
FNDA:0,(anonymous_55)
FNDA:0,(anonymous_56)
FNDA:0,(anonymous_57)
FNDA:0,(anonymous_58)
FNDA:0,(anonymous_59)
FNDA:0,(anonymous_60)
FNDA:0,(anonymous_61)
FNDA:0,(anonymous_62)
FNDA:0,(anonymous_63)
FNDA:0,(anonymous_64)
FNDA:0,(anonymous_65)
FNDA:0,(anonymous_66)
FNDA:0,(anonymous_67)
FNDA:0,(anonymous_68)
FNDA:0,(anonymous_69)
FNDA:0,(anonymous_70)
FNDA:0,(anonymous_71)
FNDA:0,(anonymous_72)
FNDA:0,(anonymous_73)
FNDA:0,(anonymous_74)
DA:1,0
DA:9,0
DA:10,0
DA:11,0
DA:12,0
DA:17,0
DA:20,0
DA:21,0
DA:25,0
DA:28,0
DA:29,0
DA:34,0
DA:37,0
DA:38,0
DA:46,0
DA:49,0
DA:50,0
DA:55,0
DA:56,0
DA:57,0
DA:62,0
DA:63,0
DA:64,0
DA:68,0
DA:69,0
DA:72,0
DA:73,0
DA:77,0
DA:78,0
DA:81,0
DA:82,0
DA:85,0
DA:86,0
DA:89,0
DA:90,0
DA:94,0
DA:95,0
DA:99,0
DA:100,0
DA:101,0
DA:104,0
DA:105,0
DA:108,0
DA:109,0
DA:113,0
DA:114,0
DA:118,0
DA:119,0
DA:120,0
DA:124,0
DA:125,0
DA:128,0
DA:129,0
DA:134,0
DA:135,0
DA:138,0
DA:139,0
DA:144,0
DA:145,0
DA:148,0
DA:149,0
DA:154,0
DA:155,0
DA:159,0
DA:160,0
DA:161,0
DA:166,0
DA:167,0
DA:170,0
DA:171,0
DA:176,0
DA:177,0
DA:182,0
DA:183,0
DA:184,0
DA:185,0
DA:190,0
DA:193,0
DA:194,0
DA:199,0
DA:203,0
DA:204,0
DA:205,0
DA:209,0
DA:210,0
DA:213,0
DA:214,0
DA:218,0
DA:219,0
DA:223,0
DA:224,0
DA:225,0
DA:229,0
DA:230,0
DA:234,0
DA:235,0
DA:236,0
DA:240,0
DA:241,0
DA:244,0
DA:245,0
DA:250,0
DA:251,0
DA:255,0
DA:256,0
DA:257,0
DA:262,0
DA:263,0
DA:266,0
DA:267,0
DA:272,0
DA:273,0
DA:278,0
DA:279,0
DA:280,0
DA:281,0
DA:284,0
DA:288,0
DA:289,0
DA:290,0
DA:291,0
DA:294,0
DA:295,0
DA:298,0
DA:299,0
DA:302,0
DA:303,0
DA:306,0
DA:311,0
DA:312,0
DA:313,0
DA:314,0
DA:315,0
DA:316,0
DA:317,0
DA:318,0
DA:319,0
DA:320,0
DA:324,0
DA:325,0
DA:329,0
DA:330,0
DA:331,0
DA:332,0
DA:336,0
DA:337,0
DA:338,0
DA:339,0
DA:340,0
DA:344,0
DA:345,0
DA:346,0
DA:347,0
DA:348,0
DA:352,0
DA:353,0
DA:354,0
DA:355,0
DA:356,0
DA:360,0
DA:361,0
DA:365,0
DA:366,0
DA:367,0
DA:368,0
DA:372,0
DA:373,0
DA:374,0
DA:375,0
DA:376,0
DA:380,0
DA:381,0
DA:382,0
DA:383,0
DA:384,0
DA:388,0
DA:389,0
DA:390,0
DA:391,0
DA:392,0
DA:396,0
DA:397,0
DA:398,0
DA:399,0
DA:400,0
DA:404,0
DA:405,0
DA:406,0
DA:407,0
DA:408,0
DA:412,0
DA:413,0
DA:416,0
DA:417,0
DA:418,0
DA:422,0
DA:423,0
DA:426,0
DA:427,0
DA:428,0
DA:433,0
DA:434,0
DA:435,0
DA:436,0
DA:437,0
DA:442,0
DA:443,0
DA:444,0
DA:445,0
DA:450,0
DA:451,0
DA:452,0
DA:453,0
DA:458,0
DA:459,0
DA:460,0
DA:461,0
DA:466,0
DA:467,0
DA:468,0
DA:469,0
DA:472,0
DA:473,0
DA:474,0
DA:475,0
DA:480,0
DA:481,0
DA:482,0
DA:483,0
DA:484,0
DA:485,0
DA:486,0
DA:490,0
DA:491,0
DA:492,0
DA:493,0
DA:494,0
DA:498,0
DA:499,0
DA:500,0
DA:501,0
DA:502,0
DA:507,0
DA:508,0
DA:509,0
DA:510,0
DA:513,0
DA:514,0
DA:515,0
DA:516,0
LF:250
LH:0
BRDA:56,0,0,0
BRDA:56,0,1,0
BRDA:316,1,0,0
BRDA:316,1,1,0
BRDA:330,2,0,0
BRDA:330,2,1,0
BRDA:339,3,0,0
BRDA:339,3,1,0
BRDA:347,4,0,0
BRDA:347,4,1,0
BRDA:355,5,0,0
BRDA:355,5,1,0
BRDA:366,6,0,0
BRDA:366,6,1,0
BRDA:375,7,0,0
BRDA:375,7,1,0
BRDA:383,8,0,0
BRDA:383,8,1,0
BRDA:391,9,0,0
BRDA:391,9,1,0
BRDA:399,10,0,0
BRDA:399,10,1,0
BRDA:407,11,0,0
BRDA:407,11,1,0
BRDA:417,12,0,0
BRDA:417,12,1,0
BRDA:427,13,0,0
BRDA:427,13,1,0
BRDA:485,14,0,0
BRDA:485,14,1,0
BRDA:493,15,0,0
BRDA:493,15,1,0
BRDA:501,16,0,0
BRDA:501,16,1,0
BRF:34
BRH:0
end_of_record
TN:
SF:src/tests/transaction.service.unit.test.ts
FN:30,(anonymous_0)
FN:33,(anonymous_1)
FN:38,(anonymous_2)
FN:74,(anonymous_3)
FN:95,(anonymous_4)
FN:114,(anonymous_5)
FN:130,(anonymous_6)
FN:145,(anonymous_7)
FN:160,(anonymous_8)
FN:175,(anonymous_9)
FN:190,(anonymous_10)
FN:206,(anonymous_11)
FN:222,(anonymous_12)
FN:240,(anonymous_13)
FN:269,(anonymous_14)
FN:279,(anonymous_15)
FN:298,(anonymous_16)
FN:320,(anonymous_17)
FN:361,(anonymous_18)
FN:391,(anonymous_19)
FN:401,(anonymous_20)
FN:433,(anonymous_21)
FN:452,(anonymous_22)
FN:478,(anonymous_23)
FN:503,(anonymous_24)
FN:532,(anonymous_25)
FN:571,(anonymous_26)
FN:580,(anonymous_27)
FN:591,(anonymous_28)
FN:610,(anonymous_29)
FN:632,(anonymous_30)
FN:673,(anonymous_31)
FN:683,(anonymous_32)
FN:696,(anonymous_33)
FN:718,(anonymous_34)
FN:728,(anonymous_35)
FN:738,(anonymous_36)
FN:757,(anonymous_37)
FN:776,(anonymous_38)
FN:795,(anonymous_39)
FN:810,(anonymous_40)
FN:830,(anonymous_41)
FN:840,(anonymous_42)
FN:861,(anonymous_43)
FN:889,(anonymous_44)
FN:899,(anonymous_45)
FN:913,(anonymous_46)
FN:927,(anonymous_47)
FN:938,(anonymous_48)
FNF:49
FNH:0
FNDA:0,(anonymous_0)
FNDA:0,(anonymous_1)
FNDA:0,(anonymous_2)
FNDA:0,(anonymous_3)
FNDA:0,(anonymous_4)
FNDA:0,(anonymous_5)
FNDA:0,(anonymous_6)
FNDA:0,(anonymous_7)
FNDA:0,(anonymous_8)
FNDA:0,(anonymous_9)
FNDA:0,(anonymous_10)
FNDA:0,(anonymous_11)
FNDA:0,(anonymous_12)
FNDA:0,(anonymous_13)
FNDA:0,(anonymous_14)
FNDA:0,(anonymous_15)
FNDA:0,(anonymous_16)
FNDA:0,(anonymous_17)
FNDA:0,(anonymous_18)
FNDA:0,(anonymous_19)
FNDA:0,(anonymous_20)
FNDA:0,(anonymous_21)
FNDA:0,(anonymous_22)
FNDA:0,(anonymous_23)
FNDA:0,(anonymous_24)
FNDA:0,(anonymous_25)
FNDA:0,(anonymous_26)
FNDA:0,(anonymous_27)
FNDA:0,(anonymous_28)
FNDA:0,(anonymous_29)
FNDA:0,(anonymous_30)
FNDA:0,(anonymous_31)
FNDA:0,(anonymous_32)
FNDA:0,(anonymous_33)
FNDA:0,(anonymous_34)
FNDA:0,(anonymous_35)
FNDA:0,(anonymous_36)
FNDA:0,(anonymous_37)
FNDA:0,(anonymous_38)
FNDA:0,(anonymous_39)
FNDA:0,(anonymous_40)
FNDA:0,(anonymous_41)
FNDA:0,(anonymous_42)
FNDA:0,(anonymous_43)
FNDA:0,(anonymous_44)
FNDA:0,(anonymous_45)
FNDA:0,(anonymous_46)
FNDA:0,(anonymous_47)
FNDA:0,(anonymous_48)
DA:1,0
DA:11,0
DA:23,0
DA:30,0
DA:33,0
DA:34,0
DA:35,0
DA:38,0
DA:39,0
DA:64,0
DA:74,0
DA:76,0
DA:79,0
DA:82,0
DA:92,0
DA:95,0
DA:97,0
DA:103,0
DA:106,0
DA:114,0
DA:116,0
DA:119,0
DA:122,0
DA:130,0
DA:132,0
DA:135,0
DA:138,0
DA:145,0
DA:147,0
DA:150,0
DA:153,0
DA:160,0
DA:162,0
DA:165,0
DA:168,0
DA:175,0
DA:177,0
DA:180,0
DA:183,0
DA:190,0
DA:192,0
DA:193,0
DA:196,0
DA:199,0
DA:206,0
DA:208,0
DA:209,0
DA:212,0
DA:215,0
DA:222,0
DA:224,0
DA:225,0
DA:226,0
DA:229,0
DA:232,0
DA:240,0
DA:242,0
DA:245,0
DA:257,0
DA:269,0
DA:271,0
DA:272,0
DA:275,0
DA:279,0
DA:280,0
DA:286,0
DA:298,0
DA:300,0
DA:303,0
DA:306,0
DA:307,0
DA:320,0
DA:322,0
DA:329,0
DA:341,0
DA:344,0
DA:347,0
DA:348,0
DA:361,0
DA:363,0
DA:371,0
DA:374,0
DA:377,0
DA:378,0
DA:391,0
DA:393,0
DA:394,0
DA:397,0
DA:401,0
DA:402,0
DA:409,0
DA:421,0
DA:433,0
DA:435,0
DA:436,0
DA:439,0
DA:442,0
DA:443,0
DA:448,0
DA:449,0
DA:452,0
DA:454,0
DA:455,0
DA:466,0
DA:469,0
DA:472,0
DA:473,0
DA:474,0
DA:475,0
DA:478,0
DA:480,0
DA:491,0
DA:494,0
DA:497,0
DA:498,0
DA:499,0
DA:500,0
DA:503,0
DA:505,0
DA:510,0
DA:521,0
DA:524,0
DA:527,0
DA:528,0
DA:529,0
DA:532,0
DA:534,0
DA:543,0
DA:555,0
DA:556,0
DA:559,0
DA:562,0
DA:567,0
DA:568,0
DA:571,0
DA:573,0
DA:574,0
DA:577,0
DA:580,0
DA:582,0
DA:583,0
DA:584,0
DA:587,0
DA:591,0
DA:592,0
DA:598,0
DA:610,0
DA:612,0
DA:615,0
DA:618,0
DA:619,0
DA:632,0
DA:634,0
DA:641,0
DA:653,0
DA:656,0
DA:659,0
DA:660,0
DA:673,0
DA:675,0
DA:676,0
DA:679,0
DA:683,0
DA:684,0
DA:696,0
DA:698,0
DA:701,0
DA:704,0
DA:705,0
DA:718,0
DA:720,0
DA:721,0
DA:724,0
DA:728,0
DA:729,0
DA:738,0
DA:740,0
DA:743,0
DA:746,0
DA:750,0
DA:757,0
DA:759,0
DA:762,0
DA:765,0
DA:769,0
DA:776,0
DA:778,0
DA:781,0
DA:784,0
DA:788,0
DA:795,0
DA:797,0
DA:800,0
DA:803,0
DA:810,0
DA:812,0
DA:817,0
DA:820,0
DA:823,0
DA:830,0
DA:832,0
DA:833,0
DA:836,0
DA:840,0
DA:841,0
DA:853,0
DA:861,0
DA:863,0
DA:864,0
DA:867,0
DA:870,0
DA:871,0
DA:876,0
DA:889,0
DA:891,0
DA:894,0
DA:895,0
DA:896,0
DA:899,0
DA:901,0
DA:905,0
DA:908,0
DA:909,0
DA:910,0
DA:913,0
DA:915,0
DA:919,0
DA:922,0
DA:923,0
DA:924,0
DA:927,0
DA:929,0
DA:930,0
DA:933,0
DA:934,0
DA:935,0
DA:938,0
DA:940,0
DA:941,0
DA:942,0
DA:945,0
DA:946,0
DA:947,0
LF:243
LH:0
BRF:0
BRH:0
end_of_record
TN:
SF:src/tests/integration/helpers.ts
FN:15,(anonymous_1)
FN:17,(anonymous_2)
FN:18,(anonymous_3)
FN:19,(anonymous_4)
FN:20,(anonymous_5)
FN:21,(anonymous_6)
FN:29,(anonymous_7)
FN:75,(anonymous_8)
FN:97,(anonymous_9)
FN:105,(anonymous_10)
FN:119,(anonymous_11)
FN:134,(anonymous_12)
FNF:12
FNH:10
FNDA:1,(anonymous_1)
FNDA:18,(anonymous_2)
FNDA:19,(anonymous_3)
FNDA:8,(anonymous_4)
FNDA:0,(anonymous_5)
FNDA:3,(anonymous_6)
FNDA:1,(anonymous_7)
FNDA:1,(anonymous_8)
FNDA:1,(anonymous_9)
FNDA:7,(anonymous_10)
FNDA:17,(anonymous_11)
FNDA:0,(anonymous_12)
DA:1,1
DA:2,1
DA:3,1
DA:15,1
DA:16,1
DA:17,18
DA:18,19
DA:19,8
DA:20,0
DA:21,3
DA:29,1
DA:30,1
DA:37,1
DA:44,1
DA:45,0
DA:46,0
DA:49,1
DA:50,0
DA:54,1
DA:59,1
DA:60,0
DA:61,0
DA:64,1
DA:75,1
DA:77,1
DA:80,1
DA:83,1
DA:85,1
DA:97,1
DA:98,1
DA:105,1
DA:106,7
DA:107,7
DA:109,7
DA:110,0
DA:113,7
DA:119,1
DA:120,17
DA:121,17
DA:123,17
DA:124,0
DA:127,17
DA:134,1
DA:135,0
LF:44
LH:35
BRDA:29,0,0,1
BRDA:41,1,0,1
BRDA:41,1,1,1
BRDA:44,2,0,0
BRDA:44,2,1,1
BRDA:49,3,0,0
BRDA:49,3,1,1
BRDA:59,4,0,0
BRDA:59,4,1,1
BRDA:66,5,0,1
BRDA:66,5,1,0
BRDA:109,6,0,0
BRDA:109,6,1,7
BRDA:123,7,0,0
BRDA:123,7,1,17
BRDA:134,8,0,0
BRF:16
BRH:9
end_of_record
TN:
SF:src/tests/integration/setup.ts
FN:23,(anonymous_0)
FN:32,(anonymous_1)
FN:40,(anonymous_2)
FN:45,(anonymous_3)
FNF:4
FNH:0
FNDA:0,(anonymous_0)
FNDA:0,(anonymous_1)
FNDA:0,(anonymous_2)
FNDA:0,(anonymous_3)
DA:1,0
DA:4,0
DA:7,0
DA:8,0
DA:9,0
DA:10,0
DA:11,0
DA:13,0
DA:20,0
DA:23,0
DA:29,0
DA:32,0
DA:37,0
DA:40,0
DA:45,0
LF:15
LH:0
BRDA:7,0,0,0
BRDA:7,0,1,0
BRF:2
BRH:0
end_of_record
TN:
SF:src/tests/integration/testDb.ts
FN:10,(anonymous_0)
FN:30,(anonymous_1)
FN:58,(anonymous_2)
FN:77,(anonymous_3)
FNF:4
FNH:4
FNDA:1,(anonymous_0)
FNDA:2,(anonymous_1)
FNDA:1,(anonymous_2)
FNDA:1,(anonymous_3)
DA:1,1
DA:2,1
DA:10,1
DA:12,1
DA:14,1
DA:30,1
DA:31,2
DA:34,2
DA:35,2
DA:38,2
DA:39,2
DA:40,2
DA:41,7
DA:42,1
DA:47,2
DA:49,0
DA:50,0
DA:58,1
DA:59,1
DA:67,1
DA:69,0
DA:70,0
DA:77,1
DA:78,1
DA:81,1
DA:86,1
DA:87,0
DA:96,1
DA:99,1
DA:101,1
LF:30
LH:25
BRDA:12,0,0,1
BRDA:12,0,1,0
BRDA:39,1,0,2
BRDA:39,1,1,0
BRDA:41,2,0,1
BRDA:41,2,1,6
BRDA:41,3,0,7
BRDA:41,3,1,1
BRDA:86,4,0,0
BRDA:86,4,1,1
BRDA:86,5,0,1
BRDA:86,5,1,1
BRF:12
BRH:9
end_of_record
TN:
SF:src/tests/mocks/supabase.mock.ts
FN:3,(anonymous_0)
FN:4,(anonymous_1)
FN:5,(anonymous_2)
FN:10,(anonymous_3)
FN:13,(anonymous_4)
FN:14,(anonymous_5)
FNF:6
FNH:0
FNDA:0,(anonymous_0)
FNDA:0,(anonymous_1)
FNDA:0,(anonymous_2)
FNDA:0,(anonymous_3)
FNDA:0,(anonymous_4)
FNDA:0,(anonymous_5)
DA:2,0
DA:3,0
DA:4,0
DA:5,0
DA:10,0
DA:13,0
DA:14,0
LF:7
LH:0
BRF:0
BRH:0
end_of_record
TN:
SF:src/utils/response.ts
FN:15,(anonymous_0)
FN:28,(anonymous_1)
FN:43,(anonymous_2)
FNF:3
FNH:2
FNDA:21,(anonymous_0)
FNDA:8,(anonymous_1)
FNDA:0,(anonymous_2)
DA:15,1
DA:21,21
DA:28,1
DA:35,8
DA:43,1
DA:48,0
LF:6
LH:5
BRDA:18,0,0,0
BRDA:19,1,0,7
BRDA:32,2,0,0
BRDA:33,3,0,8
BRDA:46,4,0,0
BRF:5
BRH:2
end_of_record
TN:
SF:src/validators/agent.schema.ts
FN:9,(anonymous_0)
FNF:1
FNH:0
FNDA:0,(anonymous_0)
DA:1,1
DA:6,1
DA:10,0
LF:3
LH:2
BRDA:10,0,0,0
BRDA:10,0,1,0
BRF:2
BRH:0
end_of_record
TN:
SF:src/validators/auth.schema.ts
FN:9,(anonymous_0)
FN:17,(anonymous_1)
FNF:2
FNH:0
FNDA:0,(anonymous_0)
FNDA:0,(anonymous_1)
DA:1,1
DA:6,1
DA:10,0
DA:18,0
LF:4
LH:2
BRDA:10,0,0,0
BRDA:10,0,1,0
BRDA:18,1,0,0
BRDA:18,1,1,0
BRF:4
BRH:0
end_of_record
TN:
SF:src/validators/transaction.schema.ts
FN:6,(anonymous_0)
FN:10,(anonymous_1)
FN:13,(anonymous_2)
FN:21,(anonymous_3)
FN:28,(anonymous_4)
FN:37,(anonymous_5)
FN:51,(anonymous_6)
FN:70,(anonymous_7)
FN:91,(anonymous_8)
FN:99,(anonymous_9)
FN:103,(anonymous_10)
FN:104,(anonymous_11)
FN:108,(anonymous_12)
FN:110,(anonymous_13)
FN:114,(anonymous_14)
FN:120,(anonymous_15)
FN:127,(anonymous_16)
FN:132,(anonymous_17)
FN:135,(anonymous_18)
FN:145,(anonymous_19)
FN:154,(anonymous_20)
FNF:21
FNH:21
FNDA:2,(anonymous_0)
FNDA:16,(anonymous_1)
FNDA:5,(anonymous_2)
FNDA:4,(anonymous_3)
FNDA:2,(anonymous_4)
FNDA:2,(anonymous_5)
FNDA:27,(anonymous_6)
FNDA:10,(anonymous_7)
FNDA:6,(anonymous_8)
FNDA:32,(anonymous_9)
FNDA:13,(anonymous_10)
FNDA:13,(anonymous_11)
FNDA:32,(anonymous_12)
FNDA:13,(anonymous_13)
FNDA:29,(anonymous_14)
FNDA:32,(anonymous_15)
FNDA:32,(anonymous_16)
FNDA:2,(anonymous_17)
FNDA:2,(anonymous_18)
FNDA:4,(anonymous_19)
FNDA:19,(anonymous_20)
DA:1,2
DA:2,2
DA:4,2
DA:7,2
DA:10,16
DA:12,2
DA:14,5
DA:19,2
DA:22,4
DA:26,2
DA:28,2
DA:33,2
DA:35,2
DA:37,2
DA:42,2
DA:52,27
DA:53,4
DA:61,2
DA:71,10
DA:72,2
DA:80,2
DA:85,2
DA:86,2
DA:87,2
DA:90,2
DA:91,6
DA:96,2
DA:100,32
DA:101,8
DA:103,13
DA:104,13
DA:105,8
DA:109,32
DA:110,13
DA:114,29
DA:116,2
DA:121,32
DA:122,32
DA:128,32
DA:129,32
DA:132,2
DA:135,2
DA:143,2
DA:145,4
DA:149,2
DA:154,19
DA:157,2
LF:47
LH:47
BRDA:7,0,0,0
BRDA:7,0,1,2
BRDA:10,1,0,2
BRDA:10,1,1,14
BRDA:14,2,0,1
BRDA:14,2,1,4
BRDA:22,3,0,3
BRDA:22,3,1,1
BRDA:52,4,0,4
BRDA:52,4,1,23
BRDA:52,5,0,27
BRDA:52,5,1,16
BRDA:52,5,2,12
BRDA:71,6,0,2
BRDA:71,6,1,8
BRDA:71,7,0,10
BRDA:71,7,1,4
BRDA:71,7,2,2
BRDA:100,8,0,24
BRDA:100,8,1,8
BRDA:105,9,0,8
BRDA:105,9,1,0
BRDA:109,10,0,24
BRDA:109,10,1,8
BRDA:121,11,0,32
BRDA:121,11,1,29
BRDA:128,12,0,32
BRDA:128,12,1,28
BRF:28
BRH:26
end_of_record
